#
# There is insufficient memory for the Java Runtime Environment to continue.
# Native memory allocation (malloc) failed to allocate 1048576 bytes for AllocateHeap
# Possible reasons:
#   The system is out of physical RAM or swap space
#   The process is running with CompressedOops enabled, and the Java Heap may be blocking the growth of the native heap
# Possible solutions:
#   Reduce memory load on the system
#   Increase physical memory or swap space
#   Check if swap backing store is full
#   Decrease Java heap size (-Xmx/-Xms)
#   Decrease number of Java threads
#   Decrease Java thread stack sizes (-Xss)
#   Set larger code cache with -XX:ReservedCodeCacheSize=
#   JVM is running with Unscaled Compressed Oops mode in which the Java heap is
#     placed in the first 4GB address space. The Java Heap base address is the
#     maximum limit for the native heap growth. Please use -XX:HeapBaseMinAddress
#     to set the Java Heap base and to place the Java Heap above 4GB virtual address.
# This output file may be truncated or incomplete.
#
#  Out of Memory Error (allocation.cpp:44), pid=10576, tid=19264
#
# JRE version:  (17.0.4.1+7) (build )
# Java VM: OpenJDK 64-Bit Server VM (17.0.4.1+7-b469.62, mixed mode, sharing, tiered, compressed oops, compressed class ptrs, g1 gc, windows-amd64)
# No core dump will be written. Minidumps are not enabled by default on client versions of Windows
#

---------------  S U M M A R Y ------------

Command Line: git4idea.http.GitAskPassApp Username for 'https://github.com': 

Host: 11th Gen Intel(R) Core(TM) i7-11800H @ 2.30GHz, 16 cores, 15G,  Windows 10 , 64 bit Build 19041 (10.0.19041.3636)
Time: Fri Jan 19 16:10:34 2024 RTZ 2 (s 10 , 64 bit Build 19041 (10.0.19041.3636) elapsed time: 0.005082 seconds (0d 0h 0m 0s)

---------------  T H R E A D  ---------------

Current thread (0x0000011da2299bb0):  JavaThread "Unknown thread" [_thread_in_vm, id=19264, stack(0x000000012bc00000,0x000000012bd00000)]

Stack: [0x000000012bc00000,0x000000012bd00000]
Native frames: (J=compiled Java code, j=interpreted, Vv=VM code, C=native code)
V  [jvm.dll+0x68356a]
V  [jvm.dll+0x83fab4]
V  [jvm.dll+0x84125e]
V  [jvm.dll+0x8418c3]
V  [jvm.dll+0x249735]
V  [jvm.dll+0xa64cf]
V  [jvm.dll+0x2db324]
V  [jvm.dll+0x81126c]
V  [jvm.dll+0x36e6f1]
V  [jvm.dll+0x7f076c]
V  [jvm.dll+0x3f180f]
V  [jvm.dll+0x3f3351]
C  [jli.dll+0x526b]
C  [ucrtbase.dll+0x21bb2]
C  [KERNEL32.DLL+0x17344]
C  [ntdll.dll+0x526b1]


---------------  P R O C E S S  ---------------

Threads class SMR info:
_java_thread_list=0x00007ffee5697f58, length=0, elements={
}

Java Threads: ( => current thread )

Other Threads:

=>0x0000011da2299bb0 (exited) JavaThread "Unknown thread" [_thread_in_vm, id=19264, stack(0x000000012bc00000,0x000000012bd00000)]

Threads with active compile tasks:

VM state: not at safepoint (not fully initialized)

VM Mutex/Monitor currently owned by a thread: None

Heap address: 0x0000000000000000, size: 0 MB, Compressed Oops mode: 32-bit

CDS archive(s) mapped at: [0x0000000000000000-0x0000000000000000-0x0000000000000000), size 0, SharedBaseAddress: 0x0000000800000000, ArchiveRelocationMode: 0.
Narrow klass base: 0x0000000000000000, Narrow klass shift: 0, Narrow klass range: 0x0

GC Precious Log:
<Empty>

GC Heap History (0 events):
No events

Deoptimization events (0 events):
No events

Classes unloaded (0 events):
No events

Classes redefined (0 events):
No events

Internal exceptions (0 events):
No events

VM Operations (0 events):
No events

Events (1 events):
Event: 0.003 Loaded shared library C:\Program Files\JetBrains\PyCharm Community Edition 2022.2.3\jbr\bin\java.dll


Dynamic libraries:
0x00007ff69e370000 - 0x00007ff69e37a000 	C:\Program Files\JetBrains\PyCharm Community Edition 2022.2.3\jbr\bin\java.exe
0x00007fffa28d0000 - 0x00007fffa2ac8000 	C:\Windows\SYSTEM32\ntdll.dll
0x00007fffa14a0000 - 0x00007fffa155d000 	C:\Windows\System32\KERNEL32.DLL
0x00007fffa0430000 - 0x00007fffa0726000 	C:\Windows\System32\KERNELBASE.dll
0x00007fff9ffa0000 - 0x00007fffa00a0000 	C:\Windows\System32\ucrtbase.dll
0x00007ffea2b30000 - 0x00007ffea2b47000 	C:\Program Files\JetBrains\PyCharm Community Edition 2022.2.3\jbr\bin\jli.dll
0x00007ffea2b10000 - 0x00007ffea2b2b000 	C:\Program Files\JetBrains\PyCharm Community Edition 2022.2.3\jbr\bin\VCRUNTIME140.dll
0x00007fffa09d0000 - 0x00007fffa0b6e000 	C:\Windows\System32\USER32.dll
0x00007fff85420000 - 0x00007fff856ba000 	C:\Windows\WinSxS\amd64_microsoft.windows.common-controls_6595b64144ccf1df_6.0.19041.3636_none_60b6a03d71f818d5\COMCTL32.dll
0x00007fffa08f0000 - 0x00007fffa0912000 	C:\Windows\System32\win32u.dll
0x00007fffa09a0000 - 0x00007fffa09cc000 	C:\Windows\System32\GDI32.dll
0x00007fffa1a40000 - 0x00007fffa1ade000 	C:\Windows\System32\msvcrt.dll
0x00007fffa0730000 - 0x00007fffa084a000 	C:\Windows\System32\gdi32full.dll
0x00007fffa0850000 - 0x00007fffa08ed000 	C:\Windows\System32\msvcp_win.dll
0x00007fffa1340000 - 0x00007fffa1370000 	C:\Windows\System32\IMM32.DLL
0x00007ffea2b00000 - 0x00007ffea2b0c000 	C:\Program Files\JetBrains\PyCharm Community Edition 2022.2.3\jbr\bin\vcruntime140_1.dll
0x00007ffea2a70000 - 0x00007ffea2afd000 	C:\Program Files\JetBrains\PyCharm Community Edition 2022.2.3\jbr\bin\msvcp140.dll
0x00007ffee4b60000 - 0x00007ffee57c9000 	C:\Program Files\JetBrains\PyCharm Community Edition 2022.2.3\jbr\bin\server\jvm.dll
0x00007fffa1280000 - 0x00007fffa1333000 	C:\Windows\System32\ADVAPI32.dll
0x00007fffa1870000 - 0x00007fffa190f000 	C:\Windows\System32\sechost.dll
0x00007fffa1b50000 - 0x00007fffa1c76000 	C:\Windows\System32\RPCRT4.dll
0x00007fffa0400000 - 0x00007fffa0427000 	C:\Windows\System32\bcrypt.dll
0x00007fffa0e00000 - 0x00007fffa0e08000 	C:\Windows\System32\PSAPI.DLL
0x00007fff77e70000 - 0x00007fff77e79000 	C:\Windows\SYSTEM32\WSOCK32.dll
0x00007fff85e40000 - 0x00007fff85e67000 	C:\Windows\SYSTEM32\WINMM.dll
0x00007fffa1970000 - 0x00007fffa19db000 	C:\Windows\System32\WS2_32.dll
0x00007fff97ab0000 - 0x00007fff97aba000 	C:\Windows\SYSTEM32\VERSION.dll
0x00007fff9e7e0000 - 0x00007fff9e7f2000 	C:\Windows\SYSTEM32\kernel.appcore.dll
0x00007fff988e0000 - 0x00007fff988ea000 	C:\Program Files\JetBrains\PyCharm Community Edition 2022.2.3\jbr\bin\jimage.dll
0x00007fff9e5d0000 - 0x00007fff9e7b4000 	C:\Windows\SYSTEM32\DBGHELP.DLL
0x00007fff956c0000 - 0x00007fff956f4000 	C:\Windows\SYSTEM32\dbgcore.DLL
0x00007fffa0250000 - 0x00007fffa02d2000 	C:\Windows\System32\bcryptPrimitives.dll
0x00007fff912e0000 - 0x00007fff91305000 	C:\Program Files\JetBrains\PyCharm Community Edition 2022.2.3\jbr\bin\java.dll

dbghelp: loaded successfully - version: 4.0.5 - missing functions: none
symbol engine: initialized successfully - sym options: 0x614 - pdb path: .;C:\Program Files\JetBrains\PyCharm Community Edition 2022.2.3\jbr\bin;C:\Windows\SYSTEM32;C:\Windows\WinSxS\amd64_microsoft.windows.common-controls_6595b64144ccf1df_6.0.19041.3636_none_60b6a03d71f818d5;C:\Program Files\JetBrains\PyCharm Community Edition 2022.2.3\jbr\bin\server

VM Arguments:
java_command: git4idea.http.GitAskPassApp Username for 'https://github.com': 
java_class_path (initial): C:/Program Files/JetBrains/PyCharm Community Edition 2022.2.3/plugins/git4idea/lib/git4idea-rt.jar;C:/Program Files/JetBrains/PyCharm Community Edition 2022.2.3/lib/externalProcess-rt.jar;C:/Program Files/JetBrains/PyCharm Community Edition 2022.2.3/lib/app.jar;C:/Program Files/JetBrains/PyCharm Community Edition 2022.2.3/lib/3rd-party-rt.jar
Launcher Type: SUN_STANDARD

[Global flags]
     intx CICompilerCount                          = 12                                        {product} {ergonomic}
     uint ConcGCThreads                            = 3                                         {product} {ergonomic}
     uint G1ConcRefinementThreads                  = 13                                        {product} {ergonomic}
   size_t G1HeapRegionSize                         = 2097152                                   {product} {ergonomic}
    uintx GCDrainStackTargetSize                   = 64                                        {product} {ergonomic}
   size_t InitialHeapSize                          = 262144000                                 {product} {ergonomic}
   size_t MarkStackSize                            = 4194304                                   {product} {ergonomic}
   size_t MaxHeapSize                              = 4185915392                                {product} {ergonomic}
   size_t MinHeapDeltaBytes                        = 2097152                                   {product} {ergonomic}
   size_t MinHeapSize                              = 8388608                                   {product} {ergonomic}
    uintx NonNMethodCodeHeapSize                   = 7602480                                {pd product} {ergonomic}
    uintx NonProfiledCodeHeapSize                  = 122027880                              {pd product} {ergonomic}
    uintx ProfiledCodeHeapSize                     = 122027880                              {pd product} {ergonomic}
    uintx ReservedCodeCacheSize                    = 251658240                              {pd product} {ergonomic}
     bool SegmentedCodeCache                       = true                                      {product} {ergonomic}
   size_t SoftMaxHeapSize                          = 4185915392                             {manageable} {ergonomic}
     bool UseCompressedClassPointers               = true                           {product lp64_product} {ergonomic}
     bool UseCompressedOops                        = true                           {product lp64_product} {ergonomic}
     bool UseG1GC                                  = true                                      {product} {ergonomic}
     bool UseLargePagesIndividualAllocation        = false                                  {pd product} {ergonomic}

Logging:
Log output configuration:
 #0: stdout all=warning uptime,level,tags
 #1: stderr all=off uptime,level,tags

Environment Variables:
PATH=D:\useful\Git\mingw64\libexec\git-core;D:\useful\Git\mingw64\libexec\git-core;D:\useful\Git\mingw64\bin;D:\useful\Git\usr\bin;C:\Users\aleks\bin;C:\Program Files\Eclipse Adoptium\jdk-17.0.6.10-hotspot\bin;C:\Windows\system32;C:\Windows;C:\Windows\System32\Wbem;C:\Windows\System32\WindowsPowerShell\v1.0;C:\Windows\System32\OpenSSH;D:\useful\Git\cmd;D:\;E:\useful\posgres\php;C:\Users\aleks\.cargo\bin;C:\Users\aleks\AppData\Local\Programs\Python\Python310\Scripts;C:\Users\aleks\AppData\Local\Programs\Python\Python310;C:\Users\aleks\AppData\Local\Microsoft\WindowsApps;E:\Microsoft VS Code\bin
USERNAME=aleks
DISPLAY=:0.0
LC_ALL=en_US.UTF-8
TERM=xterm-256color
TMPDIR=C:\Users\aleks\AppData\Local\Temp
OS=Windows_NT
PROCESSOR_IDENTIFIER=Intel64 Family 6 Model 141 Stepping 1, GenuineIntel
TMP=C:\Users\aleks\AppData\Local\Temp
TEMP=C:\Users\aleks\AppData\Local\Temp



---------------  S Y S T E M  ---------------

OS:
 Windows 10 , 64 bit Build 19041 (10.0.19041.3636)
OS uptime: 0 days 3:36 hours

CPU: total 16 (initial active 16) (8 cores per cpu, 2 threads per core) family 6 model 141 stepping 1 microcode 0x3c, cx8, cmov, fxsr, ht, mmx, 3dnowpref, sse, sse2, sse3, ssse3, sse4.1, sse4.2, popcnt, lzcnt, tsc, tscinvbit, avx, avx2, aes, erms, clmul, bmi1, bmi2, adx, avx512f, avx512dq, avx512cd, avx512bw, avx512vl, sha, fma, vzeroupper, avx512_vpopcntdq, avx512_vpclmulqdq, avx512_vaes, avx512_vnni, clflush, clflushopt, clwb, avx512_vbmi2, avx512_vbmi

Memory: 4k page, system-wide physical 15962M (4997M free)
TotalPageFile size 16238M (AvailPageFile size 5M)
current process WorkingSet (physical memory assigned to process): 9M, peak: 9M
current process commit charge ("private bytes"): 18M, peak: 19M

vm_info: OpenJDK 64-Bit Server VM (17.0.4.1+7-b469.62) for windows-amd64 JRE (17.0.4.1+7-b469.62), built on 2022-09-22 by "builduser" with MS VC++ 16.10 / 16.11 (VS2019)

END.
