#
# There is insufficient memory for the Java Runtime Environment to continue.
# Native memory allocation (mmap) failed to map 262144000 bytes for G1 virtual space
# Possible reasons:
#   The system is out of physical RAM or swap space
#   The process is running with CompressedOops enabled, and the Java Heap may be blocking the growth of the native heap
# Possible solutions:
#   Reduce memory load on the system
#   Increase physical memory or swap space
#   Check if swap backing store is full
#   Decrease Java heap size (-Xmx/-Xms)
#   Decrease number of Java threads
#   Decrease Java thread stack sizes (-Xss)
#   Set larger code cache with -XX:ReservedCodeCacheSize=
#   JVM is running with Zero Based Compressed Oops mode in which the Java heap is
#     placed in the first 32GB address space. The Java Heap base address is the
#     maximum limit for the native heap growth. Please use -XX:HeapBaseMinAddress
#     to set the Java Heap base and to place the Java Heap above 32GB virtual address.
# This output file may be truncated or incomplete.
#
#  Out of Memory Error (os_windows.cpp:3753), pid=15844, tid=13960
#
# JRE version:  (17.0.4.1+7) (build )
# Java VM: OpenJDK 64-Bit Server VM (17.0.4.1+7-b469.62, mixed mode, sharing, tiered, compressed oops, compressed class ptrs, g1 gc, windows-amd64)
# No core dump will be written. Minidumps are not enabled by default on client versions of Windows
#

---------------  S U M M A R Y ------------

Command Line: git4idea.http.GitAskPassApp Username for 'https://github.com': 

Host: 11th Gen Intel(R) Core(TM) i7-11800H @ 2.30GHz, 16 cores, 15G,  Windows 10 , 64 bit Build 19041 (10.0.19041.3636)
Time: Tue Jan 23 17:49:27 2024 RTZ 2 (s 10 , 64 bit Build 19041 (10.0.19041.3636) elapsed time: 0.005308 seconds (0d 0h 0m 0s)

---------------  T H R E A D  ---------------

Current thread (0x0000024ff9728660):  JavaThread "Unknown thread" [_thread_in_vm, id=13960, stack(0x000000eefe500000,0x000000eefe600000)]

Stack: [0x000000eefe500000,0x000000eefe600000]
Native frames: (J=compiled Java code, j=interpreted, Vv=VM code, C=native code)
V  [jvm.dll+0x68356a]
V  [jvm.dll+0x83fab4]
V  [jvm.dll+0x84125e]
V  [jvm.dll+0x8418c3]
V  [jvm.dll+0x249735]
V  [jvm.dll+0x680439]
V  [jvm.dll+0x674a7a]
V  [jvm.dll+0x30956b]
V  [jvm.dll+0x310a26]
V  [jvm.dll+0x36089e]
V  [jvm.dll+0x360acf]
V  [jvm.dll+0x2df658]
V  [jvm.dll+0x2e05c4]
V  [jvm.dll+0x8112a1]
V  [jvm.dll+0x36e6f1]
V  [jvm.dll+0x7f076c]
V  [jvm.dll+0x3f180f]
V  [jvm.dll+0x3f3351]
C  [jli.dll+0x526b]
C  [ucrtbase.dll+0x21bb2]
C  [KERNEL32.DLL+0x17344]
C  [ntdll.dll+0x526b1]


---------------  P R O C E S S  ---------------

Threads class SMR info:
_java_thread_list=0x00007ffed2d07f58, length=0, elements={
}

Java Threads: ( => current thread )

Other Threads:
  0x0000024ff9791070 GCTaskThread "GC Thread#0" [stack: 0x000000eefe600000,0x000000eefe700000] [id=23004]
  0x0000024ff97a1930 ConcurrentGCThread "G1 Main Marker" [stack: 0x000000eefe700000,0x000000eefe800000] [id=14828]
  0x0000024ff97a3350 ConcurrentGCThread "G1 Conc#0" [stack: 0x000000eefe800000,0x000000eefe900000] [id=4996]

[error occurred during error reporting (printing all threads), id 0xc0000005, EXCEPTION_ACCESS_VIOLATION (0xc0000005) at pc=0x00007ffed24c0217]

VM state: not at safepoint (not fully initialized)

VM Mutex/Monitor currently owned by a thread:  ([mutex/lock_event])
[0x0000024ff9722830] Heap_lock - owner thread: 0x0000024ff9728660

Heap address: 0x0000000706800000, size: 3992 MB, Compressed Oops mode: Zero based, Oop shift amount: 3

CDS archive(s) mapped at: [0x0000000000000000-0x0000000000000000-0x0000000000000000), size 0, SharedBaseAddress: 0x0000000800000000, ArchiveRelocationMode: 0.
Narrow klass base: 0x0000000000000000, Narrow klass shift: 0, Narrow klass range: 0x0

GC Precious Log:
<Empty>

Heap:
 garbage-first heap   total 0K, used 0K [0x0000000706800000, 0x0000000800000000)
  region size 2048K, 0 young (0K), 0 survivors (0K)

[error occurred during error reporting (printing heap information), id 0xc0000005, EXCEPTION_ACCESS_VIOLATION (0xc0000005) at pc=0x00007ffed28ad1f9]

GC Heap History (0 events):
No events

Deoptimization events (0 events):
No events

Classes unloaded (0 events):
No events

Classes redefined (0 events):
No events

Internal exceptions (0 events):
No events

VM Operations (0 events):
No events

Events (1 events):
Event: 0.003 Loaded shared library C:\Program Files\JetBrains\PyCharm Community Edition 2022.2.3\jbr\bin\java.dll


Dynamic libraries:
0x00007ff67f410000 - 0x00007ff67f41a000 	C:\Program Files\JetBrains\PyCharm Community Edition 2022.2.3\jbr\bin\java.exe
0x00007fff310d0000 - 0x00007fff312c8000 	C:\Windows\SYSTEM32\ntdll.dll
0x00007fff2f3f0000 - 0x00007fff2f4ad000 	C:\Windows\System32\KERNEL32.DLL
0x00007fff2ec00000 - 0x00007fff2eef6000 	C:\Windows\System32\KERNELBASE.dll
0x00007fff2ef00000 - 0x00007fff2f000000 	C:\Windows\System32\ucrtbase.dll
0x00007ffee5fd0000 - 0x00007ffee5fe7000 	C:\Program Files\JetBrains\PyCharm Community Edition 2022.2.3\jbr\bin\jli.dll
0x00007ffee2e40000 - 0x00007ffee2e5b000 	C:\Program Files\JetBrains\PyCharm Community Edition 2022.2.3\jbr\bin\VCRUNTIME140.dll
0x00007fff301f0000 - 0x00007fff3038e000 	C:\Windows\System32\USER32.dll
0x00007fff19dc0000 - 0x00007fff1a05a000 	C:\Windows\WinSxS\amd64_microsoft.windows.common-controls_6595b64144ccf1df_6.0.19041.3636_none_60b6a03d71f818d5\COMCTL32.dll
0x00007fff2ebd0000 - 0x00007fff2ebf2000 	C:\Windows\System32\win32u.dll
0x00007fff2f6f0000 - 0x00007fff2f71c000 	C:\Windows\System32\GDI32.dll
0x00007fff2f650000 - 0x00007fff2f6ee000 	C:\Windows\System32\msvcrt.dll
0x00007fff2f000000 - 0x00007fff2f11a000 	C:\Windows\System32\gdi32full.dll
0x00007fff2e7a0000 - 0x00007fff2e83d000 	C:\Windows\System32\msvcp_win.dll
0x00007fff30e70000 - 0x00007fff30ea0000 	C:\Windows\System32\IMM32.DLL
0x00007fff2bc80000 - 0x00007fff2bc8c000 	C:\Program Files\JetBrains\PyCharm Community Edition 2022.2.3\jbr\bin\vcruntime140_1.dll
0x00007ffedce90000 - 0x00007ffedcf1d000 	C:\Program Files\JetBrains\PyCharm Community Edition 2022.2.3\jbr\bin\msvcp140.dll
0x00007ffed21d0000 - 0x00007ffed2e39000 	C:\Program Files\JetBrains\PyCharm Community Edition 2022.2.3\jbr\bin\server\jvm.dll
0x00007fff30ea0000 - 0x00007fff30f53000 	C:\Windows\System32\ADVAPI32.dll
0x00007fff300c0000 - 0x00007fff3015f000 	C:\Windows\System32\sechost.dll
0x00007fff2f720000 - 0x00007fff2f846000 	C:\Windows\System32\RPCRT4.dll
0x00007fff2eba0000 - 0x00007fff2ebc7000 	C:\Windows\System32\bcrypt.dll
0x00007fff2f380000 - 0x00007fff2f388000 	C:\Windows\System32\PSAPI.DLL
0x00007fff0f9c0000 - 0x00007fff0f9c9000 	C:\Windows\SYSTEM32\WSOCK32.dll
0x00007fff30050000 - 0x00007fff300bb000 	C:\Windows\System32\WS2_32.dll
0x00007fff1cae0000 - 0x00007fff1cb07000 	C:\Windows\SYSTEM32\WINMM.dll
0x00007fff27600000 - 0x00007fff2760a000 	C:\Windows\SYSTEM32\VERSION.dll
0x00007fff2cfe0000 - 0x00007fff2cff2000 	C:\Windows\SYSTEM32\kernel.appcore.dll
0x00007fff1ba70000 - 0x00007fff1ba7a000 	C:\Program Files\JetBrains\PyCharm Community Edition 2022.2.3\jbr\bin\jimage.dll
0x00007fff2c460000 - 0x00007fff2c644000 	C:\Windows\SYSTEM32\DBGHELP.DLL
0x00007fff21a20000 - 0x00007fff21a54000 	C:\Windows\SYSTEM32\dbgcore.DLL
0x00007fff2e900000 - 0x00007fff2e982000 	C:\Windows\System32\bcryptPrimitives.dll
0x00007ffed21a0000 - 0x00007ffed21c5000 	C:\Program Files\JetBrains\PyCharm Community Edition 2022.2.3\jbr\bin\java.dll

dbghelp: loaded successfully - version: 4.0.5 - missing functions: none
symbol engine: initialized successfully - sym options: 0x614 - pdb path: .;C:\Program Files\JetBrains\PyCharm Community Edition 2022.2.3\jbr\bin;C:\Windows\SYSTEM32;C:\Windows\WinSxS\amd64_microsoft.windows.common-controls_6595b64144ccf1df_6.0.19041.3636_none_60b6a03d71f818d5;C:\Program Files\JetBrains\PyCharm Community Edition 2022.2.3\jbr\bin\server

VM Arguments:
java_command: git4idea.http.GitAskPassApp Username for 'https://github.com': 
java_class_path (initial): C:/Program Files/JetBrains/PyCharm Community Edition 2022.2.3/plugins/git4idea/lib/git4idea-rt.jar;C:/Program Files/JetBrains/PyCharm Community Edition 2022.2.3/lib/externalProcess-rt.jar;C:/Program Files/JetBrains/PyCharm Community Edition 2022.2.3/lib/app.jar;C:/Program Files/JetBrains/PyCharm Community Edition 2022.2.3/lib/3rd-party-rt.jar
Launcher Type: SUN_STANDARD

[Global flags]
     intx CICompilerCount                          = 12                                        {product} {ergonomic}
     uint ConcGCThreads                            = 3                                         {product} {ergonomic}
     uint G1ConcRefinementThreads                  = 13                                        {product} {ergonomic}
   size_t G1HeapRegionSize                         = 2097152                                   {product} {ergonomic}
    uintx GCDrainStackTargetSize                   = 64                                        {product} {ergonomic}
   size_t InitialHeapSize                          = 262144000                                 {product} {ergonomic}
   size_t MarkStackSize                            = 4194304                                   {product} {ergonomic}
   size_t MaxHeapSize                              = 4185915392                                {product} {ergonomic}
   size_t MinHeapDeltaBytes                        = 2097152                                   {product} {ergonomic}
   size_t MinHeapSize                              = 8388608                                   {product} {ergonomic}
    uintx NonNMethodCodeHeapSize                   = 7602480                                {pd product} {ergonomic}
    uintx NonProfiledCodeHeapSize                  = 122027880                              {pd product} {ergonomic}
    uintx ProfiledCodeHeapSize                     = 122027880                              {pd product} {ergonomic}
    uintx ReservedCodeCacheSize                    = 251658240                              {pd product} {ergonomic}
     bool SegmentedCodeCache                       = true                                      {product} {ergonomic}
   size_t SoftMaxHeapSize                          = 4185915392                             {manageable} {ergonomic}
     bool UseCompressedClassPointers               = true                           {product lp64_product} {ergonomic}
     bool UseCompressedOops                        = true                           {product lp64_product} {ergonomic}
     bool UseG1GC                                  = true                                      {product} {ergonomic}
     bool UseLargePagesIndividualAllocation        = false                                  {pd product} {ergonomic}

Logging:
Log output configuration:
 #0: stdout all=warning uptime,level,tags
 #1: stderr all=off uptime,level,tags

Environment Variables:
PATH=D:\useful\Git\mingw64\libexec\git-core;D:\useful\Git\mingw64\libexec\git-core;D:\useful\Git\mingw64\bin;D:\useful\Git\usr\bin;C:\Users\aleks\bin;C:\Program Files\Eclipse Adoptium\jdk-17.0.6.10-hotspot\bin;C:\Windows\system32;C:\Windows;C:\Windows\System32\Wbem;C:\Windows\System32\WindowsPowerShell\v1.0;C:\Windows\System32\OpenSSH;D:\useful\Git\cmd;D:\;E:\useful\posgres\php;C:\Users\aleks\.cargo\bin;C:\Users\aleks\AppData\Local\Programs\Python\Python310\Scripts;C:\Users\aleks\AppData\Local\Programs\Python\Python310;C:\Users\aleks\AppData\Local\Microsoft\WindowsApps;E:\Microsoft VS Code\bin
USERNAME=aleks
DISPLAY=:0.0
LC_ALL=en_US.UTF-8
TERM=xterm-256color
TMPDIR=C:\Users\aleks\AppData\Local\Temp
OS=Windows_NT
PROCESSOR_IDENTIFIER=Intel64 Family 6 Model 141 Stepping 1, GenuineIntel
TMP=C:\Users\aleks\AppData\Local\Temp
TEMP=C:\Users\aleks\AppData\Local\Temp



---------------  S Y S T E M  ---------------

OS:
 Windows 10 , 64 bit Build 19041 (10.0.19041.3636)
OS uptime: 2 days 20:16 hours

CPU: total 16 (initial active 16) (8 cores per cpu, 2 threads per core) family 6 model 141 stepping 1 microcode 0x3c, cx8, cmov, fxsr, ht, mmx, 3dnowpref, sse, sse2, sse3, ssse3, sse4.1, sse4.2, popcnt, lzcnt, tsc, tscinvbit, avx, avx2, aes, erms, clmul, bmi1, bmi2, adx, avx512f, avx512dq, avx512cd, avx512bw, avx512vl, sha, fma, vzeroupper, avx512_vpopcntdq, avx512_vpclmulqdq, avx512_vaes, avx512_vnni, clflush, clflushopt, clwb, avx512_vbmi2, avx512_vbmi

Memory: 4k page, system-wide physical 15962M (4427M free)
TotalPageFile size 17321M (AvailPageFile size 66M)
current process WorkingSet (physical memory assigned to process): 10M, peak: 10M
current process commit charge ("private bytes"): 70M, peak: 320M

vm_info: OpenJDK 64-Bit Server VM (17.0.4.1+7-b469.62) for windows-amd64 JRE (17.0.4.1+7-b469.62), built on 2022-09-22 by "builduser" with MS VC++ 16.10 / 16.11 (VS2019)

END.
